<?xml version="1.0" encoding="UTF-8" standalone="no"?>
<testsuite failures="1" name="cucumber.runtime.formatter.JUnitFormatter" skipped="0" tests="2" time="54.568132">
<testcase classname="Verifying the Adactin Hotel functionalities for various room types" name="Verifying Adactin Hotel login details" time="52.352732">
<failure message="org.openqa.selenium.NoSuchElementException: no such element: Unable to locate element: {&quot;method&quot;:&quot;css selector&quot;,&quot;selector&quot;:&quot;#location&quot;}&#10;  (Session info: chrome=84.0.4147.135)&#10;For documentation on this error, please visit: https://www.seleniumhq.org/exceptions/no_such_element.html&#10;Build info: version: '3.141.59', revision: 'e82be7d358', time: '2018-11-14T08:17:03'&#10;System info: host: 'LAPTOP-DNSN97O3', ip: '192.168.1.6', os.name: 'Windows 10', os.arch: 'amd64', os.version: '10.0', java.version: '1.8.0_191'&#10;Driver info: org.openqa.selenium.chrome.ChromeDriver&#10;Capabilities {acceptInsecureCerts: false, browserName: chrome, browserVersion: 84.0.4147.135, chrome: {chromedriverVersion: 83.0.4103.39 (ccbf011cb2d2b..., userDataDir: C:\Users\PRATHI~1\AppData\L...}, goog:chromeOptions: {debuggerAddress: localhost:57070}, javascriptEnabled: true, networkConnectionEnabled: false, pageLoadStrategy: normal, platform: WINDOWS, platformName: WINDOWS, proxy: Proxy(), setWindowRect: true, strictFileInteractability: false, timeouts: {implicit: 0, pageLoad: 300000, script: 30000}, unhandledPromptBehavior: dismiss and notify, webauthn:virtualAuthenticators: true}&#10;Session ID: 78924401299dbcc71884b1c4d84d92c3&#10;*** Element info: {Using=id, value=location}&#13;&#10;&#9;at sun.reflect.NativeConstructorAccessorImpl.newInstance0(Native Method)&#13;&#10;&#9;at sun.reflect.NativeConstructorAccessorImpl.newInstance(NativeConstructorAccessorImpl.java:62)&#13;&#10;&#9;at sun.reflect.DelegatingConstructorAccessorImpl.newInstance(DelegatingConstructorAccessorImpl.java:45)&#13;&#10;&#9;at java.lang.reflect.Constructor.newInstance(Constructor.java:423)&#13;&#10;&#9;at org.openqa.selenium.remote.http.W3CHttpResponseCodec.createException(W3CHttpResponseCodec.java:187)&#13;&#10;&#9;at org.openqa.selenium.remote.http.W3CHttpResponseCodec.decode(W3CHttpResponseCodec.java:122)&#13;&#10;&#9;at org.openqa.selenium.remote.http.W3CHttpResponseCodec.decode(W3CHttpResponseCodec.java:49)&#13;&#10;&#9;at org.openqa.selenium.remote.HttpCommandExecutor.execute(HttpCommandExecutor.java:158)&#13;&#10;&#9;at org.openqa.selenium.remote.service.DriverCommandExecutor.execute(DriverCommandExecutor.java:83)&#13;&#10;&#9;at org.openqa.selenium.remote.RemoteWebDriver.execute(RemoteWebDriver.java:552)&#13;&#10;&#9;at org.openqa.selenium.remote.RemoteWebDriver.findElement(RemoteWebDriver.java:323)&#13;&#10;&#9;at org.openqa.selenium.remote.RemoteWebDriver.findElementById(RemoteWebDriver.java:372)&#13;&#10;&#9;at org.openqa.selenium.By$ById.findElement(By.java:188)&#13;&#10;&#9;at org.openqa.selenium.remote.RemoteWebDriver.findElement(RemoteWebDriver.java:315)&#13;&#10;&#9;at org.openqa.selenium.support.pagefactory.DefaultElementLocator.findElement(DefaultElementLocator.java:69)&#13;&#10;&#9;at org.openqa.selenium.support.pagefactory.internal.LocatingElementHandler.invoke(LocatingElementHandler.java:38)&#13;&#10;&#9;at com.sun.proxy.$Proxy17.getTagName(Unknown Source)&#13;&#10;&#9;at org.openqa.selenium.support.ui.Select.&lt;init&gt;(Select.java:45)&#13;&#10;&#9;at com.base.Base.selByVisibleText(Base.java:179)&#13;&#10;&#9;at org.pages.SearchPage.searchHotels(SearchPage.java:95)&#13;&#10;&#9;at com.stepdefinition.LoginPageStep.user_should_enter(LoginPageStep.java:63)&#13;&#10;&#9;at ✽.User should enter &quot;Sydney&quot;, &quot;Hotel Creek&quot;, &quot;Standard&quot;, &quot;1 - One&quot;, &quot;31/08/2020&quot;, &quot;03/09/2020&quot;, &quot;2&quot;, &quot;2&quot;(src/test/resources/Features/LoginPage.feature:9)&#13;&#10;"><![CDATA[Given User is on the Adactin Hotel page.....................................passed
When User should enter "Evi12345" and "evi@12345"...........................passed
And User should click on the login button...................................passed
Then User should be logged in...............................................passed
When User should enter "Sydney", "Hotel Creek", "Standard", "1 - One", "31/08/2020", "03/09/2020", "2", "2".failed
And User should click on the search button..................................skipped
Then User should be displayed the available hotels..........................skipped
When User selects one of the available hotel................................skipped
And User should click on continue button....................................skipped
Then User should be navigated to payment page...............................skipped
When User should enter "Evi", "Nair", "Temple Street, Chicago", "1234123412341234", "American Express", "January", "2021" and "321".skipped
And User should click on Book Now button....................................skipped
Then Order ID should be displayed...........................................skipped
When User should click on My Itinerary button...............................skipped
And User should be navigated to Booked Itinerary page.......................skipped
And User should pass the booked Order Id in the search box and click on Go button.skipped
And User is displayed the order details and he selects that particular order.skipped
And User should click on Cancel Selected button.............................skipped
And User should confirm in the displayed alert..............................skipped
Then booking should be cancelled............................................skipped

StackTrace:
org.openqa.selenium.NoSuchElementException: no such element: Unable to locate element: {"method":"css selector","selector":"#location"}
  (Session info: chrome=84.0.4147.135)
For documentation on this error, please visit: https://www.seleniumhq.org/exceptions/no_such_element.html
Build info: version: '3.141.59', revision: 'e82be7d358', time: '2018-11-14T08:17:03'
System info: host: 'LAPTOP-DNSN97O3', ip: '192.168.1.6', os.name: 'Windows 10', os.arch: 'amd64', os.version: '10.0', java.version: '1.8.0_191'
Driver info: org.openqa.selenium.chrome.ChromeDriver
Capabilities {acceptInsecureCerts: false, browserName: chrome, browserVersion: 84.0.4147.135, chrome: {chromedriverVersion: 83.0.4103.39 (ccbf011cb2d2b..., userDataDir: C:\Users\PRATHI~1\AppData\L...}, goog:chromeOptions: {debuggerAddress: localhost:57070}, javascriptEnabled: true, networkConnectionEnabled: false, pageLoadStrategy: normal, platform: WINDOWS, platformName: WINDOWS, proxy: Proxy(), setWindowRect: true, strictFileInteractability: false, timeouts: {implicit: 0, pageLoad: 300000, script: 30000}, unhandledPromptBehavior: dismiss and notify, webauthn:virtualAuthenticators: true}
Session ID: 78924401299dbcc71884b1c4d84d92c3
*** Element info: {Using=id, value=location}
	at sun.reflect.NativeConstructorAccessorImpl.newInstance0(Native Method)
	at sun.reflect.NativeConstructorAccessorImpl.newInstance(NativeConstructorAccessorImpl.java:62)
	at sun.reflect.DelegatingConstructorAccessorImpl.newInstance(DelegatingConstructorAccessorImpl.java:45)
	at java.lang.reflect.Constructor.newInstance(Constructor.java:423)
	at org.openqa.selenium.remote.http.W3CHttpResponseCodec.createException(W3CHttpResponseCodec.java:187)
	at org.openqa.selenium.remote.http.W3CHttpResponseCodec.decode(W3CHttpResponseCodec.java:122)
	at org.openqa.selenium.remote.http.W3CHttpResponseCodec.decode(W3CHttpResponseCodec.java:49)
	at org.openqa.selenium.remote.HttpCommandExecutor.execute(HttpCommandExecutor.java:158)
	at org.openqa.selenium.remote.service.DriverCommandExecutor.execute(DriverCommandExecutor.java:83)
	at org.openqa.selenium.remote.RemoteWebDriver.execute(RemoteWebDriver.java:552)
	at org.openqa.selenium.remote.RemoteWebDriver.findElement(RemoteWebDriver.java:323)
	at org.openqa.selenium.remote.RemoteWebDriver.findElementById(RemoteWebDriver.java:372)
	at org.openqa.selenium.By$ById.findElement(By.java:188)
	at org.openqa.selenium.remote.RemoteWebDriver.findElement(RemoteWebDriver.java:315)
	at org.openqa.selenium.support.pagefactory.DefaultElementLocator.findElement(DefaultElementLocator.java:69)
	at org.openqa.selenium.support.pagefactory.internal.LocatingElementHandler.invoke(LocatingElementHandler.java:38)
	at com.sun.proxy.$Proxy17.getTagName(Unknown Source)
	at org.openqa.selenium.support.ui.Select.<init>(Select.java:45)
	at com.base.Base.selByVisibleText(Base.java:179)
	at org.pages.SearchPage.searchHotels(SearchPage.java:95)
	at com.stepdefinition.LoginPageStep.user_should_enter(LoginPageStep.java:63)
	at ✽.User should enter "Sydney", "Hotel Creek", "Standard", "1 - One", "31/08/2020", "03/09/2020", "2", "2"(src/test/resources/Features/LoginPage.feature:9)
]]></failure>
</testcase>
<testcase classname="Verifying the Adactin Hotel functionalities for various room types" name="Verifying Adactin Hotel login details with invalid credentials" time="2.2154">
<system-out><![CDATA[Given User is on the Adactin Hotel page.....................................passed
When User should enter "Evi12345" and "evi@"................................passed
And User should click on the login button...................................passed
Then User should be logged in...............................................passed
]]></system-out>
</testcase>
</testsuite>
